\BOOKMARK [1][]{section*.1}{\376\377\000I\000n\000t\000r\000o\000d\000u\000c\000t\000i\000o\000n}{}% 1
\BOOKMARK [2][]{section*.2}{\376\377\000M\000o\000d\000u\000l\000e\000:\000\040\000a\000n\000a\000l\000y\000z\000e\000r}{section*.1}% 2
\BOOKMARK [2][]{section*.3}{\376\377\000M\000o\000d\000u\000l\000e\000:\000\040\000p\000r\000o\000g\000r\000a\000m\000m\000e\000r}{section*.1}% 3
\BOOKMARK [2][]{section*.4}{\376\377\000M\000o\000d\000u\000l\000e\000:\000\040\000t\000e\000r\000m\000i\000n\000a\000l}{section*.1}% 4
\BOOKMARK [2][]{section*.5}{\376\377\000M\000o\000d\000u\000l\000e\000:\000\040\000p\000r\000o\000x\000y\000\040\000b\000e\000t\000w\000e\000e\000n\000\040\000s\000e\000r\000i\000a\000l\000\040\000p\000o\000r\000t\000\040\000a\000n\000d\000\040\000T\000C\000P\000\040\000s\000o\000c\000k\000e\000t}{section*.1}% 5
\BOOKMARK [1][]{section.1}{\376\377\000M\000o\000t\000i\000v\000a\000t\000i\000o\000n}{}% 6
\BOOKMARK [2][]{subsection.1.1}{\376\377\000R\000e\000q\000u\000i\000r\000e\000m\000e\000n\000t\000s\000\040\000f\000o\000r\000\040\000a\000p\000p\000l\000i\000c\000a\000t\000i\000o\000n}{section.1}% 7
\BOOKMARK [1][]{section.2}{\376\377\000L\000o\000r\000r\000i\000s}{}% 8
\BOOKMARK [2][]{subsection.2.1}{\376\377\000W\000e\000b\000s\000i\000t\000e\000\040\000a\000n\000d\000\040\000r\000e\000p\000o\000s\000i\000t\000o\000r\000y}{section.2}% 9
\BOOKMARK [2][]{subsection.2.2}{\376\377\000A\000p\000p\000l\000i\000c\000a\000t\000i\000o\000n\000'\000s\000\040\000s\000t\000r\000u\000c\000t\000u\000r\000e}{section.2}% 10
\BOOKMARK [2][]{subsection.2.3}{\376\377\000S\000e\000s\000s\000i\000o\000n\000s}{section.2}% 11
\BOOKMARK [2][]{subsection.2.4}{\376\377\000A\000u\000t\000o\000m\000a\000t\000i\000c\000\040\000u\000p\000d\000a\000t\000e\000s}{section.2}% 12
\BOOKMARK [1][]{section.3}{\376\377\000M\000o\000d\000u\000l\000e\000:\000\040\000A\000n\000a\000l\000y\000z\000e\000r}{}% 13
\BOOKMARK [2][]{subsection.3.1}{\376\377\000F\000i\000l\000t\000e\000r\000s}{section.3}% 14
\BOOKMARK [2][]{subsection.3.2}{\376\377\000W\000i\000d\000g\000e\000t\000:\000\040\000n\000u\000m\000b\000e\000r}{section.3}% 15
\BOOKMARK [2][]{subsection.3.3}{\376\377\000W\000i\000d\000g\000e\000t\000:\000\040\000b\000a\000r}{section.3}% 16
\BOOKMARK [2][]{subsection.3.4}{\376\377\000W\000i\000d\000g\000e\000t\000:\000\040\000c\000o\000l\000o\000r}{section.3}% 17
\BOOKMARK [2][]{subsection.3.5}{\376\377\000W\000i\000d\000g\000e\000t\000:\000\040\000g\000r\000a\000p\000h}{section.3}% 18
\BOOKMARK [2][]{subsection.3.6}{\376\377\000W\000i\000d\000g\000e\000t\000:\000\040\000s\000c\000r\000i\000p\000t}{section.3}% 19
\BOOKMARK [2][]{subsection.3.7}{\376\377\000W\000i\000d\000g\000e\000t\000:\000\040\000c\000i\000r\000c\000l\000e}{section.3}% 20
\BOOKMARK [2][]{subsection.3.8}{\376\377\000W\000i\000d\000g\000e\000t\000s\000\040\000b\000u\000t\000t\000o\000n\000\040\000a\000n\000d\000\040\000s\000l\000i\000d\000e\000r}{section.3}% 21
\BOOKMARK [2][]{subsection.3.9}{\376\377\000W\000i\000d\000g\000e\000t\000:\000\040\000s\000t\000a\000t\000u\000s}{section.3}% 22
\BOOKMARK [2][]{subsection.3.10}{\376\377\000O\000t\000h\000e\000r\000\040\000w\000i\000d\000g\000e\000t\000s}{section.3}% 23
\BOOKMARK [1][]{section.4}{\376\377\000M\000o\000d\000u\000l\000e\000:\000\040\000p\000r\000o\000g\000r\000a\000m\000m\000e\000r}{}% 24
\BOOKMARK [2][]{subsection.4.1}{\376\377\000S\000h\000u\000p\000i\000t\000o\000\040\000p\000r\000o\000g\000r\000a\000m\000m\000e\000r}{section.4}% 25
\BOOKMARK [3][]{subsubsection.4.1.1}{\376\377\000U\000A\000R\000T\000\040\000t\000u\000n\000n\000e\000l}{subsection.4.1}% 26
\BOOKMARK [2][]{subsection.4.2}{\376\377\000B\000o\000o\000t\000l\000o\000a\000d\000e\000r\000\040\000a\000v\000r\0002\0003\0002\000b\000o\000o\000t}{section.4}% 27
\BOOKMARK [2][]{subsection.4.3}{\376\377\000B\000o\000o\000t\000l\000o\000a\000d\000e\000r\000\040\000A\000V\000R\000O\000S\000P}{section.4}% 28
\BOOKMARK [1][]{section.5}{\376\377\000M\000o\000d\000u\000l\000e\000:\000\040\000t\000e\000r\000m\000i\000n\000a\000l}{}% 29
\BOOKMARK [1][]{section.6}{\376\377\000J\000o\000y\000s\000t\000i\000c\000k\000\040\000s\000u\000p\000p\000o\000r\000t}{}% 30
\BOOKMARK [1][]{section.7}{\376\377\000A\000n\000d\000r\000o\000i\000d\000\040\000a\000p\000p\000l\000i\000c\000a\000t\000i\000o\000n}{}% 31
\BOOKMARK [2][]{subsection.7.1}{\376\377\000P\000r\000o\000g\000r\000a\000m\000m\000e\000r}{section.7}% 32
\BOOKMARK [2][]{subsection.7.2}{\376\377\000T\000e\000r\000m\000i\000n\000a\000l}{section.7}% 33
\BOOKMARK [1][]{section.8}{\376\377\000R\000e\000a\000l\000\040\000w\000o\000r\000l\000d\000\040\000u\000s\000a\000g\000e}{}% 34
\BOOKMARK [1][]{section*.6}{\376\377\000C\000o\000n\000c\000l\000u\000s\000i\000o\000n}{}% 35
